This is pdfTeX, Version 3.14159265-2.6-1.40.21 (MiKTeX 20.6.29) (preloaded format=pdflatex 2020.9.9)  27 SEP 2022 22:58
entering extended mode
**./main.tex
(main.tex
LaTeX2e <2020-02-02> patch level 5
L3 programming layer <2020-06-18>
(C:\Users\Admin\AppData\Local\Programs\MiKTeX\tex/latex/base\article.cls
Document Class: article 2019/12/20 v1.4l Standard LaTeX document class
(C:\Users\Admin\AppData\Local\Programs\MiKTeX\tex/latex/base\size10.clo
File: size10.clo 2019/12/20 v1.4l Standard LaTeX file (size option)
)
\c@part=\count167
\c@section=\count168
\c@subsection=\count169
\c@subsubsection=\count170
\c@paragraph=\count171
\c@subparagraph=\count172
\c@figure=\count173
\c@table=\count174
\abovecaptionskip=\skip47
\belowcaptionskip=\skip48
\bibindent=\dimen134
)
(C:\Users\Admin\AppData\Local\Programs\MiKTeX\tex/latex/base\inputenc.sty
Package: inputenc 2018/08/11 v1.3c Input encoding file
\inpenc@prehook=\toks15
\inpenc@posthook=\toks16
)
(C:\Users\Admin\AppData\Local\Programs\MiKTeX\tex/latex/natbib\natbib.sty
Package: natbib 2010/09/13 8.31b (PWD, AO)
\bibhang=\skip49
\bibsep=\skip50
LaTeX Info: Redefining \cite on input line 694.
\c@NAT@ctr=\count175
)
(C:\Users\Admin\AppData\Local\Programs\MiKTeX\tex/latex/graphics\graphicx.sty
Package: graphicx 2019/11/30 v1.2a Enhanced LaTeX Graphics (DPC,SPQR)

(C:\Users\Admin\AppData\Local\Programs\MiKTeX\tex/latex/graphics\keyval.sty
Package: keyval 2014/10/28 v1.15 key=value parser (DPC)
\KV@toks@=\toks17
)
(C:\Users\Admin\AppData\Local\Programs\MiKTeX\tex/latex/graphics\graphics.sty
Package: graphics 2019/11/30 v1.4a Standard LaTeX Graphics (DPC,SPQR)

(C:\Users\Admin\AppData\Local\Programs\MiKTeX\tex/latex/graphics\trig.sty
Package: trig 2016/01/03 v1.10 sin cos tan (DPC)
)
(C:\Users\Admin\AppData\Local\Programs\MiKTeX\tex/latex/graphics-cfg\graphics.c
fg
File: graphics.cfg 2016/06/04 v1.11 sample graphics configuration
)
Package graphics Info: Driver file: pdftex.def on input line 105.

(C:\Users\Admin\AppData\Local\Programs\MiKTeX\tex/latex/graphics-def\pdftex.def
File: pdftex.def 2018/01/08 v1.0l Graphics/color driver for pdftex
))
\Gin@req@height=\dimen135
\Gin@req@width=\dimen136
)
(C:\Users\Admin\AppData\Local\Programs\MiKTeX\tex/latex/l3backend\l3backend-pdf
mode.def
File: l3backend-pdfmode.def 2020-06-29 L3 backend support: PDF mode
\l__kernel_color_stack_int=\count176
\l__pdf_internal_box=\box45
) (main.aux

LaTeX Warning: Label `fig:10-Armed1' multiply defined.


LaTeX Warning: Label `fig:10-Armed1' multiply defined.


LaTeX Warning: Label `fig:10-Armed1' multiply defined.


LaTeX Warning: Label `fig:10-Armed1' multiply defined.


LaTeX Warning: Label `fig:10-Armed1' multiply defined.


LaTeX Warning: Label `fig:10-Armed1' multiply defined.


LaTeX Warning: Label `fig:10-Armed1' multiply defined.


LaTeX Warning: Label `fig:10-Armed1' multiply defined.


LaTeX Warning: Label `fig:10-Armed1' multiply defined.


LaTeX Warning: Label `fig:10-Armed1' multiply defined.

)
\openout1 = `main.aux'.

LaTeX Font Info:    Checking defaults for OML/cmm/m/it on input line 10.
LaTeX Font Info:    ... okay on input line 10.
LaTeX Font Info:    Checking defaults for OMS/cmsy/m/n on input line 10.
LaTeX Font Info:    ... okay on input line 10.
LaTeX Font Info:    Checking defaults for OT1/cmr/m/n on input line 10.
LaTeX Font Info:    ... okay on input line 10.
LaTeX Font Info:    Checking defaults for T1/cmr/m/n on input line 10.
LaTeX Font Info:    ... okay on input line 10.
LaTeX Font Info:    Checking defaults for TS1/cmr/m/n on input line 10.
LaTeX Font Info:    ... okay on input line 10.
LaTeX Font Info:    Checking defaults for OMX/cmex/m/n on input line 10.
LaTeX Font Info:    ... okay on input line 10.
LaTeX Font Info:    Checking defaults for U/cmr/m/n on input line 10.
LaTeX Font Info:    ... okay on input line 10.

(C:\Users\Admin\AppData\Local\Programs\MiKTeX\tex/context/base/mkii\supp-pdf.mk
ii
[Loading MPS to PDF converter (version 2006.09.02).]
\scratchcounter=\count177
\scratchdimen=\dimen137
\scratchbox=\box46
\nofMPsegments=\count178
\nofMParguments=\count179
\everyMPshowfont=\toks18
\MPscratchCnt=\count180
\MPscratchDim=\dimen138
\MPnumerator=\count181
\makeMPintoPDFobject=\count182
\everyMPtoPDFconversion=\toks19
)
(C:\Users\Admin\AppData\Local\Programs\MiKTeX\tex/latex/epstopdf-pkg\epstopdf-b
ase.sty
Package: epstopdf-base 2020-01-24 v2.11 Base part for package epstopdf
Package epstopdf-base Info: Redefining graphics rule for `.eps' on input line 4
85.
)
LaTeX Font Info:    External font `cmex10' loaded for size
(Font)              <12> on input line 12.
LaTeX Font Info:    External font `cmex10' loaded for size
(Font)              <8> on input line 12.
LaTeX Font Info:    External font `cmex10' loaded for size
(Font)              <6> on input line 12.
LaTeX Font Info:    External font `cmex10' loaded for size
(Font)              <7> on input line 17.
LaTeX Font Info:    External font `cmex10' loaded for size
(Font)              <5> on input line 17.
 [1

{C:/Users/Admin/AppData/Local/MiKTeX/pdftex/config/pdftex.map}]
<RL_A1_pics/dif_arms/num_steps=10000, num_experiments=1000, arms=10, var=1, ran
d_walk_var=0.01, alpha=0.1, epsilon=0.1.png, id=13, 462.528pt x 346.896pt>
File: RL_A1_pics/dif_arms/num_steps=10000, num_experiments=1000, arms=10, var=1
, rand_walk_var=0.01, alpha=0.1, epsilon=0.1.png Graphic file (type png)
<use RL_A1_pics/dif_arms/num_steps=10000, num_experiments=1000, arms=10, var=1,
 rand_walk_var=0.01, alpha=0.1, epsilon=0.1.png>
Package pdftex.def Info: RL_A1_pics/dif_arms/num_steps=10000, num_experiments=1
000, arms=10, var=1, rand_walk_var=0.01, alpha=0.1, epsilon=0.1.png  used on in
put line 35.
(pdftex.def)             Requested size: 277.51894pt x 208.13919pt.
<RL_A1_pics/dif_arms/optimal/10.png, id=15, 462.528pt x 346.896pt>
File: RL_A1_pics/dif_arms/optimal/10.png Graphic file (type png)
<use RL_A1_pics/dif_arms/optimal/10.png>
Package pdftex.def Info: RL_A1_pics/dif_arms/optimal/10.png  used on input line
 36.
(pdftex.def)             Requested size: 277.51894pt x 208.13919pt.

[2 <./RL_A1_pics/dif_arms/num_steps=10000, num_experiments=1000, arms=10, var=1
, rand_walk_var=0.01, alpha=0.1, epsilon=0.1.png> <./RL_A1_pics/dif_arms/optima
l/10.png>]
<RL_A1_pics/mean0var1randomMeans.png, id=21, 462.528pt x 346.896pt>
File: RL_A1_pics/mean0var1randomMeans.png Graphic file (type png)
<use RL_A1_pics/mean0var1randomMeans.png>
Package pdftex.def Info: RL_A1_pics/mean0var1randomMeans.png  used on input lin
e 47.
(pdftex.def)             Requested size: 277.51894pt x 208.13919pt.
<RL_A1_pics/mean0var1randomMeans_optimal.png, id=22, 462.528pt x 346.896pt>
File: RL_A1_pics/mean0var1randomMeans_optimal.png Graphic file (type png)
<use RL_A1_pics/mean0var1randomMeans_optimal.png>
Package pdftex.def Info: RL_A1_pics/mean0var1randomMeans_optimal.png  used on i
nput line 48.
(pdftex.def)             Requested size: 277.51894pt x 208.13919pt.
<RL_A1_pics/rand_walk_var/0.1.png, id=23, 462.528pt x 346.896pt>
File: RL_A1_pics/rand_walk_var/0.1.png Graphic file (type png)
<use RL_A1_pics/rand_walk_var/0.1.png>
Package pdftex.def Info: RL_A1_pics/rand_walk_var/0.1.png  used on input line 5
9.
(pdftex.def)             Requested size: 277.51894pt x 208.13919pt.
<RL_A1_pics/rand_walk_var/optimal/0.1.png, id=24, 462.528pt x 346.896pt>
File: RL_A1_pics/rand_walk_var/optimal/0.1.png Graphic file (type png)
<use RL_A1_pics/rand_walk_var/optimal/0.1.png>
Package pdftex.def Info: RL_A1_pics/rand_walk_var/optimal/0.1.png  used on inpu
t line 60.
(pdftex.def)             Requested size: 277.51894pt x 208.13919pt.
 [3 <./RL_A1_pics/mean0var1randomMeans.png> <./RL_A1_pics/mean0var1randomMeans_
optimal.png>]
<RL_A1_pics/rand_walk_var/1.png, id=31, 462.528pt x 346.896pt>
File: RL_A1_pics/rand_walk_var/1.png Graphic file (type png)
<use RL_A1_pics/rand_walk_var/1.png>
Package pdftex.def Info: RL_A1_pics/rand_walk_var/1.png  used on input line 67.

(pdftex.def)             Requested size: 277.51894pt x 208.13919pt.
<RL_A1_pics/rand_walk_var/optimal/1.png, id=32, 462.528pt x 346.896pt>
File: RL_A1_pics/rand_walk_var/optimal/1.png Graphic file (type png)
<use RL_A1_pics/rand_walk_var/optimal/1.png>
Package pdftex.def Info: RL_A1_pics/rand_walk_var/optimal/1.png  used on input 
line 68.
(pdftex.def)             Requested size: 277.51894pt x 208.13919pt.


LaTeX Warning: `!h' float specifier changed to `!ht'.

[4 <./RL_A1_pics/rand_walk_var/0.1.png> <./RL_A1_pics/rand_walk_var/optimal/0.1
.png>] [5 <./RL_A1_pics/rand_walk_var/1.png> <./RL_A1_pics/rand_walk_var/optima
l/1.png>]
<RL_A1_pics/epsilon/0.2.png, id=43, 462.528pt x 346.896pt>
File: RL_A1_pics/epsilon/0.2.png Graphic file (type png)
<use RL_A1_pics/epsilon/0.2.png>
Package pdftex.def Info: RL_A1_pics/epsilon/0.2.png  used on input line 81.
(pdftex.def)             Requested size: 277.51894pt x 208.13919pt.
<RL_A1_pics/epsilon/optimal/0.2.png, id=44, 462.528pt x 346.896pt>
File: RL_A1_pics/epsilon/optimal/0.2.png Graphic file (type png)
<use RL_A1_pics/epsilon/optimal/0.2.png>
Package pdftex.def Info: RL_A1_pics/epsilon/optimal/0.2.png  used on input line
 82.
(pdftex.def)             Requested size: 277.51894pt x 208.13919pt.
<RL_A1_pics/epsilon/0.3.png, id=45, 462.528pt x 346.896pt>
File: RL_A1_pics/epsilon/0.3.png Graphic file (type png)
<use RL_A1_pics/epsilon/0.3.png>
Package pdftex.def Info: RL_A1_pics/epsilon/0.3.png  used on input line 89.
(pdftex.def)             Requested size: 277.51894pt x 208.13919pt.
<RL_A1_pics/epsilon/optimal/0.3.png, id=46, 462.528pt x 346.896pt>
File: RL_A1_pics/epsilon/optimal/0.3.png Graphic file (type png)
<use RL_A1_pics/epsilon/optimal/0.3.png>
Package pdftex.def Info: RL_A1_pics/epsilon/optimal/0.3.png  used on input line
 90.
(pdftex.def)             Requested size: 277.51894pt x 208.13919pt.


LaTeX Warning: `!h' float specifier changed to `!ht'.

[6 <./RL_A1_pics/epsilon/0.2.png> <./RL_A1_pics/epsilon/optimal/0.2.png>]
<RL_A1_pics/epsilon/0.01.png, id=52, 462.528pt x 346.896pt>
File: RL_A1_pics/epsilon/0.01.png Graphic file (type png)
<use RL_A1_pics/epsilon/0.01.png>
Package pdftex.def Info: RL_A1_pics/epsilon/0.01.png  used on input line 100.
(pdftex.def)             Requested size: 277.51894pt x 208.13919pt.
<RL_A1_pics/epsilon/optimal/0.01.png, id=53, 462.528pt x 346.896pt>
File: RL_A1_pics/epsilon/optimal/0.01.png Graphic file (type png)
<use RL_A1_pics/epsilon/optimal/0.01.png>
Package pdftex.def Info: RL_A1_pics/epsilon/optimal/0.01.png  used on input lin
e 101.
(pdftex.def)             Requested size: 277.51894pt x 208.13919pt.


LaTeX Warning: `!h' float specifier changed to `!ht'.

[7 <./RL_A1_pics/epsilon/0.3.png> <./RL_A1_pics/epsilon/optimal/0.3.png>]
<RL_A1_pics/alpha/0.2.png, id=60, 462.528pt x 346.896pt>
File: RL_A1_pics/alpha/0.2.png Graphic file (type png)
<use RL_A1_pics/alpha/0.2.png>
Package pdftex.def Info: RL_A1_pics/alpha/0.2.png  used on input line 112.
(pdftex.def)             Requested size: 277.51894pt x 208.13919pt.
<RL_A1_pics/alpha/optimal/0.2.png, id=61, 462.528pt x 346.896pt>
File: RL_A1_pics/alpha/optimal/0.2.png Graphic file (type png)
<use RL_A1_pics/alpha/optimal/0.2.png>
Package pdftex.def Info: RL_A1_pics/alpha/optimal/0.2.png  used on input line 1
13.
(pdftex.def)             Requested size: 277.51894pt x 208.13919pt.


LaTeX Warning: `!h' float specifier changed to `!ht'.

<RL_A1_pics/alpha/0.01.png, id=62, 462.528pt x 346.896pt>
File: RL_A1_pics/alpha/0.01.png Graphic file (type png)
<use RL_A1_pics/alpha/0.01.png>
Package pdftex.def Info: RL_A1_pics/alpha/0.01.png  used on input line 120.
(pdftex.def)             Requested size: 277.51894pt x 208.13919pt.
<RL_A1_pics/alpha/optimal/0.01.png, id=63, 462.528pt x 346.896pt>
File: RL_A1_pics/alpha/optimal/0.01.png Graphic file (type png)
<use RL_A1_pics/alpha/optimal/0.01.png>
Package pdftex.def Info: RL_A1_pics/alpha/optimal/0.01.png  used on input line 
121.
(pdftex.def)             Requested size: 277.51894pt x 208.13919pt.

LaTeX Warning: `!h' float specifier changed to `!ht'.

[8 <./RL_A1_pics/epsilon/0.01.png> <./RL_A1_pics/epsilon/optimal/0.01.png>]
[9 <./RL_A1_pics/alpha/0.2.png> <./RL_A1_pics/alpha/optimal/0.2.png>]
<RL_A1_pics/alpha/walk1alpha0.1.png, id=74, 462.528pt x 346.896pt>
File: RL_A1_pics/alpha/walk1alpha0.1.png Graphic file (type png)
<use RL_A1_pics/alpha/walk1alpha0.1.png>
Package pdftex.def Info: RL_A1_pics/alpha/walk1alpha0.1.png  used on input line
 134.
(pdftex.def)             Requested size: 277.51894pt x 208.13919pt.
<RL_A1_pics/alpha/optimal/walk1alpha0.1.png, id=75, 462.528pt x 346.896pt>
File: RL_A1_pics/alpha/optimal/walk1alpha0.1.png Graphic file (type png)
<use RL_A1_pics/alpha/optimal/walk1alpha0.1.png>
Package pdftex.def Info: RL_A1_pics/alpha/optimal/walk1alpha0.1.png  used on in
put line 135.
(pdftex.def)             Requested size: 277.51894pt x 208.13919pt.


LaTeX Warning: `!h' float specifier changed to `!ht'.

[10 <./RL_A1_pics/alpha/0.01.png> <./RL_A1_pics/alpha/optimal/0.01.png>]
<RL_A1_pics/alpha/walk1alpha0.2.png, id=81, 462.528pt x 346.896pt>
File: RL_A1_pics/alpha/walk1alpha0.2.png Graphic file (type png)
<use RL_A1_pics/alpha/walk1alpha0.2.png>
Package pdftex.def Info: RL_A1_pics/alpha/walk1alpha0.2.png  used on input line
 145.
(pdftex.def)             Requested size: 277.51894pt x 208.13919pt.
<RL_A1_pics/alpha/optimal/walk1alpha0.2.png, id=82, 462.528pt x 346.896pt>
File: RL_A1_pics/alpha/optimal/walk1alpha0.2.png Graphic file (type png)
<use RL_A1_pics/alpha/optimal/walk1alpha0.2.png>
Package pdftex.def Info: RL_A1_pics/alpha/optimal/walk1alpha0.2.png  used on in
put line 146.
(pdftex.def)             Requested size: 277.51894pt x 208.13919pt.


LaTeX Warning: `!h' float specifier changed to `!ht'.

[11 <./RL_A1_pics/alpha/walk1alpha0.1.png> <./RL_A1_pics/alpha/optimal/walk1alp
ha0.1.png>] [12 <./RL_A1_pics/alpha/walk1alpha0.2.png> <./RL_A1_pics/alpha/opti
mal/walk1alpha0.2.png>]
No file main.bbl.
[13] (main.aux)

LaTeX Warning: There were multiply-defined labels.

 ) 
Here is how much of TeX's memory you used:
 1645 strings out of 480790
 26798 string characters out of 2897302
 259555 words of memory out of 3000000
 17667 multiletter control sequences out of 15000+200000
 536593 words of font info for 38 fonts, out of 3000000 for 9000
 1141 hyphenation exceptions out of 8191
 30i,6n,25p,471b,214s stack positions out of 5000i,500n,10000p,200000b,50000s
<C:/Users/Admin/AppData/Local/Programs/MiKTeX/fonts/type1/public/amsfonts/cm/
cmbx10.pfb><C:/Users/Admin/AppData/Local/Programs/MiKTeX/fonts/type1/public/ams
fonts/cm/cmbx12.pfb><C:/Users/Admin/AppData/Local/Programs/MiKTeX/fonts/type1/p
ublic/amsfonts/cm/cmmi10.pfb><C:/Users/Admin/AppData/Local/Programs/MiKTeX/font
s/type1/public/amsfonts/cm/cmmi7.pfb><C:/Users/Admin/AppData/Local/Programs/MiK
TeX/fonts/type1/public/amsfonts/cm/cmr10.pfb><C:/Users/Admin/AppData/Local/Prog
rams/MiKTeX/fonts/type1/public/amsfonts/cm/cmr12.pfb><C:/Users/Admin/AppData/Lo
cal/Programs/MiKTeX/fonts/type1/public/amsfonts/cm/cmr17.pfb><C:/Users/Admin/Ap
pData/Local/Programs/MiKTeX/fonts/type1/public/amsfonts/cm/cmr7.pfb><C:/Users/A
dmin/AppData/Local/Programs/MiKTeX/fonts/type1/public/amsfonts/cm/cmsy10.pfb>
Output written on main.pdf (13 pages, 762151 bytes).
PDF statistics:
 126 PDF objects out of 1000 (max. 8388607)
 0 named destinations out of 1000 (max. 500000)
 111 words of extra memory for PDF output out of 10000 (max. 10000000)

